Arguments: 
  /usr/bin/node /usr/bin/yarn install

PATH: 
  /home/homary/bin:/home/homary/.local/bin:/home/homary/jdk/bin:/home/homary/jdk/jre/bin:/usr/local/sbin:/usr/local/bin:/usr/sbin:/usr/bin:/sbin:/bin:/usr/games:/usr/local/games:/snap/bin

Yarn version: 
  1.12.3

Node version: 
  8.14.0

Platform: 
  linux x64

Trace: 
  SyntaxError: /home/homary/文档/vue-typescipt-cli/package.json: Unexpected token } in JSON at position 1187
      at JSON.parse (<anonymous>)
      at /usr/lib/node_modules/yarn/lib/cli.js:1631:59
      at Generator.next (<anonymous>)
      at step (/usr/lib/node_modules/yarn/lib/cli.js:304:30)
      at /usr/lib/node_modules/yarn/lib/cli.js:315:13
      at <anonymous>

npm manifest: 
  {
  	"name": "vue-typescipt-cli",
  	"version": "1.0.0",
  	"description": "",
  	"main": "webpack.config.js",
  	"scripts": {
  		"dev": "webpack-dev-server --open --mode development",
  		"build": "webpack --mode production"
  	},
  	"keywords": [],
  	"author": "",
  	"license": "ISC",
  	"devDependencies": {
  		"@babel/core": "^7.1.2",
  		"@babel/plugin-transform-object-assign": "^7.0.0",
  		"@babel/plugin-transform-runtime": "^7.1.0",
  		"@babel/preset-env": "^7.1.0",
  		"@babel/runtime": "^7.1.2",
  		"autoprefixer": "^9.3.1",
  		"babel-loader": "^8.0.4",
  		"css-loader": "^1.0.1",
  		"extract-text-webpack-plugin": "^4.0.0-beta.0",
  		"file-loader": "^2.0.0",
  		"html-webpack-plugin": "^3.2.0",
  		"http-proxy-middleware": "^0.19.0",
  		"less": "^3.8.1",
  		"less-loader": "^4.1.0",
  		"less-plugin-functions": "^1.0.0",
  		"postcss-loader": "^3.0.0",
  		"style-loader": "^0.23.1",
  		"vue": "^2.5.17",
  		"vue-loader": "^15.4.2",
  		"vue-style-loader": "^4.1.2",
  		"vue-template-compiler": "^2.5.17",
  		"webpack": "^4.25.1",
  		"webpack-bundle-analyzer": "^3.0.3",
  		"webpack-cli": "^3.1.2",
  		"webpack-dev-server": "^3.1.10",
  		"ts-loader": "^5.3.1",
  		"typescript": "^3.2.1",
  		"vue-property-decorator": "^7.2.0",
  	},
  }

yarn manifest: 
  No manifest

Lockfile: 
  No lockfile
